{"/Users/mac/Desktop/xcelz-challenge/backend/src/app.js": {"path":"/Users/mac/Desktop/xcelz-challenge/backend/src/app.js","statementMap":{"0":{"start":{"line":1,"column":16},"end":{"line":1,"column":34}},"1":{"start":{"line":2,"column":19},"end":{"line":2,"column":41}},"2":{"start":{"line":3,"column":22},"end":{"line":3,"column":55}},"3":{"start":{"line":4,"column":19},"end":{"line":4,"column":49}},"4":{"start":{"line":5,"column":13},"end":{"line":5,"column":28}},"5":{"start":{"line":7,"column":12},"end":{"line":7,"column":21}},"6":{"start":{"line":8,"column":0},"end":{"line":12,"column":2}},"7":{"start":{"line":13,"column":0},"end":{"line":13,"column":27}},"8":{"start":{"line":15,"column":0},"end":{"line":15,"column":31}},"9":{"start":{"line":16,"column":0},"end":{"line":16,"column":28}},"10":{"start":{"line":18,"column":0},"end":{"line":20,"column":3}},"11":{"start":{"line":19,"column":2},"end":{"line":19,"column":49}},"12":{"start":{"line":22,"column":13},"end":{"line":22,"column":37}},"13":{"start":{"line":23,"column":15},"end":{"line":25,"column":2}},"14":{"start":{"line":24,"column":2},"end":{"line":24,"column":48}},"15":{"start":{"line":27,"column":0},"end":{"line":27,"column":33}}},"fnMap":{"0":{"name":"(anonymous_0)","decl":{"start":{"line":18,"column":13},"end":{"line":18,"column":14}},"loc":{"start":{"line":18,"column":27},"end":{"line":20,"column":1}},"line":18},"1":{"name":"(anonymous_1)","decl":{"start":{"line":23,"column":32},"end":{"line":23,"column":33}},"loc":{"start":{"line":23,"column":38},"end":{"line":25,"column":1}},"line":23}},"branchMap":{"0":{"loc":{"start":{"line":22,"column":13},"end":{"line":22,"column":37}},"type":"binary-expr","locations":[{"start":{"line":22,"column":13},"end":{"line":22,"column":29}},{"start":{"line":22,"column":33},"end":{"line":22,"column":37}}],"line":22}},"s":{"0":2,"1":2,"2":2,"3":2,"4":2,"5":2,"6":2,"7":2,"8":2,"9":2,"10":2,"11":2,"12":2,"13":2,"14":2,"15":2},"f":{"0":2,"1":2},"b":{"0":[2,2]},"_coverageSchema":"1a1c01bbd47fc00a2c39e90264f33305004495a9","hash":"ab5d9e3d919e6e9e3b2be81014d1e8959dd772b0"}
,"/Users/mac/Desktop/xcelz-challenge/backend/src/controllers/meeting.controller.js": {"path":"/Users/mac/Desktop/xcelz-challenge/backend/src/controllers/meeting.controller.js","statementMap":{"0":{"start":{"line":7,"column":4},"end":{"line":7,"column":38}},"1":{"start":{"line":19,"column":6},"end":{"line":19,"column":14}},"2":{"start":{"line":21,"column":2},"end":{"line":23,"column":3}},"3":{"start":{"line":22,"column":4},"end":{"line":22,"column":68}},"4":{"start":{"line":25,"column":18},"end":{"line":34,"column":3}},"5":{"start":{"line":36,"column":2},"end":{"line":36,"column":22}},"6":{"start":{"line":37,"column":2},"end":{"line":37,"column":32}},"7":{"start":{"line":41,"column":19},"end":{"line":41,"column":41}},"8":{"start":{"line":42,"column":2},"end":{"line":42,"column":21}},"9":{"start":{"line":46,"column":20},"end":{"line":46,"column":33}},"10":{"start":{"line":47,"column":66},"end":{"line":47,"column":74}},"11":{"start":{"line":49,"column":18},"end":{"line":49,"column":43}},"12":{"start":{"line":50,"column":2},"end":{"line":52,"column":3}},"13":{"start":{"line":51,"column":4},"end":{"line":51,"column":53}},"14":{"start":{"line":54,"column":25},"end":{"line":61,"column":3}},"15":{"start":{"line":62,"column":2},"end":{"line":62,"column":50}},"16":{"start":{"line":64,"column":2},"end":{"line":64,"column":27}},"17":{"start":{"line":68,"column":20},"end":{"line":68,"column":33}},"18":{"start":{"line":70,"column":2},"end":{"line":82,"column":3}},"19":{"start":{"line":71,"column":20},"end":{"line":71,"column":45}},"20":{"start":{"line":72,"column":4},"end":{"line":74,"column":5}},"21":{"start":{"line":73,"column":6},"end":{"line":73,"column":55}},"22":{"start":{"line":76,"column":4},"end":{"line":76,"column":38}},"23":{"start":{"line":78,"column":4},"end":{"line":78,"column":44}},"24":{"start":{"line":80,"column":4},"end":{"line":80,"column":52}},"25":{"start":{"line":81,"column":4},"end":{"line":81,"column":73}},"26":{"start":{"line":85,"column":0},"end":{"line":90,"column":2}}},"fnMap":{"0":{"name":"createMeeting","decl":{"start":{"line":9,"column":9},"end":{"line":9,"column":22}},"loc":{"start":{"line":9,"column":33},"end":{"line":38,"column":1}},"line":9},"1":{"name":"fetchMeetings","decl":{"start":{"line":40,"column":9},"end":{"line":40,"column":22}},"loc":{"start":{"line":40,"column":33},"end":{"line":43,"column":1}},"line":40},"2":{"name":"updateMeeting","decl":{"start":{"line":45,"column":9},"end":{"line":45,"column":22}},"loc":{"start":{"line":45,"column":33},"end":{"line":65,"column":1}},"line":45},"3":{"name":"deleteMeeting","decl":{"start":{"line":67,"column":9},"end":{"line":67,"column":22}},"loc":{"start":{"line":67,"column":33},"end":{"line":83,"column":1}},"line":67}},"branchMap":{"0":{"loc":{"start":{"line":21,"column":2},"end":{"line":23,"column":3}},"type":"if","locations":[{"start":{"line":21,"column":2},"end":{"line":23,"column":3}},{"start":{},"end":{}}],"line":21},"1":{"loc":{"start":{"line":21,"column":6},"end":{"line":21,"column":73}},"type":"binary-expr","locations":[{"start":{"line":21,"column":6},"end":{"line":21,"column":11}},{"start":{"line":21,"column":15},"end":{"line":21,"column":20}},{"start":{"line":21,"column":24},"end":{"line":21,"column":33}},{"start":{"line":21,"column":37},"end":{"line":21,"column":50}},{"start":{"line":21,"column":54},"end":{"line":21,"column":63}},{"start":{"line":21,"column":67},"end":{"line":21,"column":73}}],"line":21},"2":{"loc":{"start":{"line":50,"column":2},"end":{"line":52,"column":3}},"type":"if","locations":[{"start":{"line":50,"column":2},"end":{"line":52,"column":3}},{"start":{},"end":{}}],"line":50},"3":{"loc":{"start":{"line":72,"column":4},"end":{"line":74,"column":5}},"type":"if","locations":[{"start":{"line":72,"column":4},"end":{"line":74,"column":5}},{"start":{},"end":{}}],"line":72}},"s":{"0":3,"1":1,"2":1,"3":0,"4":1,"5":1,"6":1,"7":1,"8":1,"9":0,"10":0,"11":0,"12":0,"13":0,"14":0,"15":0,"16":0,"17":0,"18":0,"19":0,"20":0,"21":0,"22":0,"23":0,"24":0,"25":0,"26":3},"f":{"0":1,"1":1,"2":0,"3":0},"b":{"0":[0,1],"1":[1,1,1,1,1,1],"2":[0,0],"3":[0,0]},"_coverageSchema":"1a1c01bbd47fc00a2c39e90264f33305004495a9","hash":"fb51876e7c13308a50d784a83ff87d077c8b6e35"}
,"/Users/mac/Desktop/xcelz-challenge/backend/src/controllers/user.controller.js": {"path":"/Users/mac/Desktop/xcelz-challenge/backend/src/controllers/user.controller.js","statementMap":{"0":{"start":{"line":1,"column":30},"end":{"line":1,"column":61}},"1":{"start":{"line":4,"column":4},"end":{"line":4,"column":38}},"2":{"start":{"line":7,"column":36},"end":{"line":7,"column":44}},"3":{"start":{"line":9,"column":2},"end":{"line":11,"column":3}},"4":{"start":{"line":10,"column":4},"end":{"line":10,"column":65}},"5":{"start":{"line":13,"column":18},"end":{"line":13,"column":43}},"6":{"start":{"line":14,"column":2},"end":{"line":14,"column":19}},"7":{"start":{"line":16,"column":2},"end":{"line":16,"column":32}},"8":{"start":{"line":20,"column":16},"end":{"line":20,"column":26}},"9":{"start":{"line":21,"column":2},"end":{"line":21,"column":18}},"10":{"start":{"line":25,"column":17},"end":{"line":25,"column":34}},"11":{"start":{"line":26,"column":23},"end":{"line":26,"column":47}},"12":{"start":{"line":29,"column":19},"end":{"line":29,"column":41}},"13":{"start":{"line":30,"column":23},"end":{"line":32,"column":3}},"14":{"start":{"line":31,"column":4},"end":{"line":31,"column":41}},"15":{"start":{"line":35,"column":23},"end":{"line":35,"column":44}},"16":{"start":{"line":36,"column":20},"end":{"line":36,"column":22}},"17":{"start":{"line":39,"column":2},"end":{"line":65,"column":3}},"18":{"start":{"line":39,"column":18},"end":{"line":39,"column":36}},"19":{"start":{"line":40,"column":26},"end":{"line":40,"column":48}},"20":{"start":{"line":41,"column":4},"end":{"line":41,"column":42}},"21":{"start":{"line":43,"column":24},"end":{"line":43,"column":46}},"22":{"start":{"line":44,"column":4},"end":{"line":44,"column":44}},"23":{"start":{"line":46,"column":24},"end":{"line":60,"column":6}},"24":{"start":{"line":48,"column":26},"end":{"line":48,"column":48}},"25":{"start":{"line":49,"column":43},"end":{"line":49,"column":78}},"26":{"start":{"line":50,"column":31},"end":{"line":50,"column":52}},"27":{"start":{"line":51,"column":6},"end":{"line":51,"column":66}},"28":{"start":{"line":53,"column":29},"end":{"line":53,"column":55}},"29":{"start":{"line":54,"column":6},"end":{"line":56,"column":8}},"30":{"start":{"line":59,"column":6},"end":{"line":59,"column":78}},"31":{"start":{"line":62,"column":4},"end":{"line":64,"column":5}},"32":{"start":{"line":63,"column":6},"end":{"line":63,"column":52}},"33":{"start":{"line":67,"column":2},"end":{"line":67,"column":54}},"34":{"start":{"line":70,"column":0},"end":{"line":74,"column":2}}},"fnMap":{"0":{"name":"createUser","decl":{"start":{"line":6,"column":9},"end":{"line":6,"column":19}},"loc":{"start":{"line":6,"column":30},"end":{"line":17,"column":1}},"line":6},"1":{"name":"fetchUsers","decl":{"start":{"line":19,"column":9},"end":{"line":19,"column":19}},"loc":{"start":{"line":19,"column":30},"end":{"line":22,"column":1}},"line":19},"2":{"name":"fetchAvailableTimeSlots","decl":{"start":{"line":24,"column":9},"end":{"line":24,"column":32}},"loc":{"start":{"line":24,"column":43},"end":{"line":68,"column":1}},"line":24},"3":{"name":"(anonymous_3)","decl":{"start":{"line":30,"column":39},"end":{"line":30,"column":40}},"loc":{"start":{"line":31,"column":4},"end":{"line":31,"column":41}},"line":31},"4":{"name":"(anonymous_4)","decl":{"start":{"line":46,"column":42},"end":{"line":46,"column":43}},"loc":{"start":{"line":46,"column":55},"end":{"line":60,"column":5}},"line":46}},"branchMap":{"0":{"loc":{"start":{"line":9,"column":2},"end":{"line":11,"column":3}},"type":"if","locations":[{"start":{"line":9,"column":2},"end":{"line":11,"column":3}},{"start":{},"end":{}}],"line":9},"1":{"loc":{"start":{"line":9,"column":6},"end":{"line":9,"column":37}},"type":"binary-expr","locations":[{"start":{"line":9,"column":6},"end":{"line":9,"column":9}},{"start":{"line":9,"column":13},"end":{"line":9,"column":18}},{"start":{"line":9,"column":22},"end":{"line":9,"column":28}},{"start":{"line":9,"column":32},"end":{"line":9,"column":37}}],"line":9},"2":{"loc":{"start":{"line":59,"column":13},"end":{"line":59,"column":77}},"type":"binary-expr","locations":[{"start":{"line":59,"column":13},"end":{"line":59,"column":43}},{"start":{"line":59,"column":47},"end":{"line":59,"column":77}}],"line":59},"3":{"loc":{"start":{"line":62,"column":4},"end":{"line":64,"column":5}},"type":"if","locations":[{"start":{"line":62,"column":4},"end":{"line":64,"column":5}},{"start":{},"end":{}}],"line":62}},"s":{"0":3,"1":3,"2":4,"3":4,"4":2,"5":2,"6":2,"7":2,"8":2,"9":2,"10":4,"11":4,"12":4,"13":4,"14":8,"15":4,"16":4,"17":4,"18":4,"19":32,"20":32,"21":32,"22":32,"23":32,"24":60,"25":60,"26":60,"27":60,"28":60,"29":60,"30":60,"31":32,"32":20,"33":4,"34":3},"f":{"0":4,"1":2,"2":4,"3":8,"4":60},"b":{"0":[2,2],"1":[4,2,2,2],"2":[60,60],"3":[20,12]},"_coverageSchema":"1a1c01bbd47fc00a2c39e90264f33305004495a9","hash":"3df9c905a7ea4de3a5d3c91af1a4a9ec1556956c"}
,"/Users/mac/Desktop/xcelz-challenge/backend/src/models/meeting.model.js": {"path":"/Users/mac/Desktop/xcelz-challenge/backend/src/models/meeting.model.js","statementMap":{"0":{"start":{"line":1,"column":15},"end":{"line":22,"column":1}},"1":{"start":{"line":25,"column":2},"end":{"line":25,"column":18}},"2":{"start":{"line":29,"column":2},"end":{"line":29,"column":25}},"3":{"start":{"line":33,"column":2},"end":{"line":33,"column":62}},"4":{"start":{"line":33,"column":36},"end":{"line":33,"column":60}},"5":{"start":{"line":37,"column":16},"end":{"line":37,"column":73}},"6":{"start":{"line":37,"column":48},"end":{"line":37,"column":72}},"7":{"start":{"line":38,"column":2},"end":{"line":40,"column":3}},"8":{"start":{"line":39,"column":4},"end":{"line":39,"column":64}},"9":{"start":{"line":44,"column":2},"end":{"line":44,"column":68}},"10":{"start":{"line":44,"column":42},"end":{"line":44,"column":66}},"11":{"start":{"line":47,"column":0},"end":{"line":53,"column":2}}},"fnMap":{"0":{"name":"getMeetings","decl":{"start":{"line":24,"column":9},"end":{"line":24,"column":20}},"loc":{"start":{"line":24,"column":23},"end":{"line":26,"column":1}},"line":24},"1":{"name":"addMeeting","decl":{"start":{"line":28,"column":9},"end":{"line":28,"column":19}},"loc":{"start":{"line":28,"column":29},"end":{"line":30,"column":1}},"line":28},"2":{"name":"getMeetingById","decl":{"start":{"line":32,"column":9},"end":{"line":32,"column":23}},"loc":{"start":{"line":32,"column":35},"end":{"line":34,"column":1}},"line":32},"3":{"name":"(anonymous_3)","decl":{"start":{"line":33,"column":23},"end":{"line":33,"column":24}},"loc":{"start":{"line":33,"column":36},"end":{"line":33,"column":60}},"line":33},"4":{"name":"updateMeeting","decl":{"start":{"line":36,"column":9},"end":{"line":36,"column":22}},"loc":{"start":{"line":36,"column":50},"end":{"line":41,"column":1}},"line":36},"5":{"name":"(anonymous_5)","decl":{"start":{"line":37,"column":35},"end":{"line":37,"column":36}},"loc":{"start":{"line":37,"column":48},"end":{"line":37,"column":72}},"line":37},"6":{"name":"deleteMeeting","decl":{"start":{"line":43,"column":9},"end":{"line":43,"column":22}},"loc":{"start":{"line":43,"column":34},"end":{"line":45,"column":1}},"line":43},"7":{"name":"(anonymous_7)","decl":{"start":{"line":44,"column":29},"end":{"line":44,"column":30}},"loc":{"start":{"line":44,"column":42},"end":{"line":44,"column":66}},"line":44}},"branchMap":{"0":{"loc":{"start":{"line":38,"column":2},"end":{"line":40,"column":3}},"type":"if","locations":[{"start":{"line":38,"column":2},"end":{"line":40,"column":3}},{"start":{},"end":{}}],"line":38}},"s":{"0":5,"1":4,"2":1,"3":2,"4":2,"5":1,"6":1,"7":1,"8":1,"9":1,"10":3,"11":5},"f":{"0":4,"1":1,"2":2,"3":2,"4":1,"5":1,"6":1,"7":3},"b":{"0":[1,0]},"_coverageSchema":"1a1c01bbd47fc00a2c39e90264f33305004495a9","hash":"db752cfb66bf332239a56be1e29aef1ace81c062"}
,"/Users/mac/Desktop/xcelz-challenge/backend/src/models/user.model.js": {"path":"/Users/mac/Desktop/xcelz-challenge/backend/src/models/user.model.js","statementMap":{"0":{"start":{"line":1,"column":12},"end":{"line":4,"column":1}},"1":{"start":{"line":7,"column":2},"end":{"line":7,"column":15}},"2":{"start":{"line":11,"column":2},"end":{"line":11,"column":19}},"3":{"start":{"line":14,"column":0},"end":{"line":17,"column":2}}},"fnMap":{"0":{"name":"getUsers","decl":{"start":{"line":6,"column":9},"end":{"line":6,"column":17}},"loc":{"start":{"line":6,"column":20},"end":{"line":8,"column":1}},"line":6},"1":{"name":"addUser","decl":{"start":{"line":10,"column":9},"end":{"line":10,"column":16}},"loc":{"start":{"line":10,"column":23},"end":{"line":12,"column":1}},"line":10}},"branchMap":{},"s":{"0":4,"1":2,"2":1,"3":4},"f":{"0":2,"1":1},"b":{},"_coverageSchema":"1a1c01bbd47fc00a2c39e90264f33305004495a9","hash":"c2810a0df6ea0c2060b5e085cdc3e41ebf43e1ca"}
,"/Users/mac/Desktop/xcelz-challenge/backend/src/routes/meeting.route.js": {"path":"/Users/mac/Desktop/xcelz-challenge/backend/src/routes/meeting.route.js","statementMap":{"0":{"start":{"line":1,"column":16},"end":{"line":1,"column":34}},"1":{"start":{"line":2,"column":15},"end":{"line":2,"column":31}},"2":{"start":{"line":3,"column":26},"end":{"line":3,"column":70}},"3":{"start":{"line":5,"column":0},"end":{"line":5,"column":58}},"4":{"start":{"line":6,"column":0},"end":{"line":6,"column":57}},"5":{"start":{"line":7,"column":0},"end":{"line":7,"column":61}},"6":{"start":{"line":8,"column":0},"end":{"line":8,"column":64}},"7":{"start":{"line":10,"column":0},"end":{"line":10,"column":24}}},"fnMap":{},"branchMap":{},"s":{"0":2,"1":2,"2":2,"3":2,"4":2,"5":2,"6":2,"7":2},"f":{},"b":{},"_coverageSchema":"1a1c01bbd47fc00a2c39e90264f33305004495a9","hash":"99e860907e355924e53d45fcd2a7818d5cba8b22"}
,"/Users/mac/Desktop/xcelz-challenge/backend/src/routes/user.route.js": {"path":"/Users/mac/Desktop/xcelz-challenge/backend/src/routes/user.route.js","statementMap":{"0":{"start":{"line":1,"column":16},"end":{"line":1,"column":34}},"1":{"start":{"line":6,"column":4},"end":{"line":6,"column":45}},"2":{"start":{"line":8,"column":15},"end":{"line":8,"column":31}},"3":{"start":{"line":10,"column":0},"end":{"line":10,"column":34}},"4":{"start":{"line":11,"column":0},"end":{"line":11,"column":33}},"5":{"start":{"line":12,"column":0},"end":{"line":12,"column":70}},"6":{"start":{"line":14,"column":0},"end":{"line":14,"column":24}}},"fnMap":{},"branchMap":{},"s":{"0":2,"1":2,"2":2,"3":2,"4":2,"5":2,"6":2},"f":{},"b":{},"_coverageSchema":"1a1c01bbd47fc00a2c39e90264f33305004495a9","hash":"4eb034da6d0e4f95308057b18c58b3e79ecac095"}
}
