TN:
SF:src/app.js
FN:18,(anonymous_0)
FN:23,(anonymous_1)
FNF:2
FNH:2
FNDA:2,(anonymous_0)
FNDA:2,(anonymous_1)
DA:1,2
DA:2,2
DA:3,2
DA:4,2
DA:5,2
DA:7,2
DA:8,2
DA:13,2
DA:15,2
DA:16,2
DA:18,2
DA:19,2
DA:22,2
DA:23,2
DA:24,2
DA:27,2
LF:16
LH:16
BRDA:22,0,0,2
BRDA:22,0,1,2
BRF:2
BRH:2
end_of_record
TN:
SF:src/controllers/meeting.controller.js
FN:9,createMeeting
FN:40,fetchMeetings
FN:45,updateMeeting
FN:67,deleteMeeting
FNF:4
FNH:2
FNDA:1,createMeeting
FNDA:1,fetchMeetings
FNDA:0,updateMeeting
FNDA:0,deleteMeeting
DA:7,3
DA:19,1
DA:21,1
DA:22,0
DA:25,1
DA:36,1
DA:37,1
DA:41,1
DA:42,1
DA:46,0
DA:47,0
DA:49,0
DA:50,0
DA:51,0
DA:54,0
DA:62,0
DA:64,0
DA:68,0
DA:70,0
DA:71,0
DA:72,0
DA:73,0
DA:76,0
DA:78,0
DA:80,0
DA:81,0
DA:85,3
LF:27
LH:9
BRDA:21,0,0,0
BRDA:21,0,1,1
BRDA:21,1,0,1
BRDA:21,1,1,1
BRDA:21,1,2,1
BRDA:21,1,3,1
BRDA:21,1,4,1
BRDA:21,1,5,1
BRDA:50,2,0,0
BRDA:50,2,1,0
BRDA:72,3,0,0
BRDA:72,3,1,0
BRF:12
BRH:7
end_of_record
TN:
SF:src/controllers/user.controller.js
FN:6,createUser
FN:19,fetchUsers
FN:24,fetchAvailableTimeSlots
FN:30,(anonymous_3)
FN:46,(anonymous_4)
FNF:5
FNH:5
FNDA:4,createUser
FNDA:2,fetchUsers
FNDA:4,fetchAvailableTimeSlots
FNDA:8,(anonymous_3)
FNDA:60,(anonymous_4)
DA:1,3
DA:4,3
DA:7,4
DA:9,4
DA:10,2
DA:13,2
DA:14,2
DA:16,2
DA:20,2
DA:21,2
DA:25,4
DA:26,4
DA:29,4
DA:30,4
DA:31,8
DA:35,4
DA:36,4
DA:39,4
DA:40,32
DA:41,32
DA:43,32
DA:44,32
DA:46,32
DA:48,60
DA:49,60
DA:50,60
DA:51,60
DA:53,60
DA:54,60
DA:59,60
DA:62,32
DA:63,20
DA:67,4
DA:70,3
LF:34
LH:34
BRDA:9,0,0,2
BRDA:9,0,1,2
BRDA:9,1,0,4
BRDA:9,1,1,2
BRDA:9,1,2,2
BRDA:9,1,3,2
BRDA:59,2,0,60
BRDA:59,2,1,60
BRDA:62,3,0,20
BRDA:62,3,1,12
BRF:10
BRH:10
end_of_record
TN:
SF:src/models/meeting.model.js
FN:24,getMeetings
FN:28,addMeeting
FN:32,getMeetingById
FN:33,(anonymous_3)
FN:36,updateMeeting
FN:37,(anonymous_5)
FN:43,deleteMeeting
FN:44,(anonymous_7)
FNF:8
FNH:8
FNDA:4,getMeetings
FNDA:1,addMeeting
FNDA:2,getMeetingById
FNDA:2,(anonymous_3)
FNDA:1,updateMeeting
FNDA:1,(anonymous_5)
FNDA:1,deleteMeeting
FNDA:3,(anonymous_7)
DA:1,5
DA:25,4
DA:29,1
DA:33,2
DA:37,1
DA:38,1
DA:39,1
DA:44,3
DA:47,5
LF:9
LH:9
BRDA:38,0,0,1
BRDA:38,0,1,0
BRF:2
BRH:1
end_of_record
TN:
SF:src/models/user.model.js
FN:6,getUsers
FN:10,addUser
FNF:2
FNH:2
FNDA:2,getUsers
FNDA:1,addUser
DA:1,4
DA:7,2
DA:11,1
DA:14,4
LF:4
LH:4
BRF:0
BRH:0
end_of_record
TN:
SF:src/routes/meeting.route.js
FNF:0
FNH:0
DA:1,2
DA:2,2
DA:3,2
DA:5,2
DA:6,2
DA:7,2
DA:8,2
DA:10,2
LF:8
LH:8
BRF:0
BRH:0
end_of_record
TN:
SF:src/routes/user.route.js
FNF:0
FNH:0
DA:1,2
DA:6,2
DA:8,2
DA:10,2
DA:11,2
DA:12,2
DA:14,2
LF:7
LH:7
BRF:0
BRH:0
end_of_record
